<?xml version="1.0" encoding="UTF-8"?>
<!-- Generated by org.testng.reporters.JUnitReportReporter -->
<testsuite skipped="0" hostname="DESKTOP-0M1MH5T" name="com.qa.test.GoogleDatadrivenTest" tests="3" failures="0" timestamp="2020-06-27T09:56:36 IST" time="16.039" errors="0">
  <testcase name="searchTest" time="8.068" classname="com.qa.test.GoogleDatadrivenTest"/>
  <testcase name="searchTest" time="2.856" classname="com.qa.test.GoogleDatadrivenTest"/>
  <testcase name="searchTest" time="5.115" classname="com.qa.test.GoogleDatadrivenTest"/>
</testsuite> <!-- com.qa.test.GoogleDatadrivenTest -->
